# JRE version: OpenJDK Runtime Environment (7.0_79-b14) (build 1.7.0_79-b14)
# Java VM: OpenJDK 64-Bit Server VM (24.79-b02 mixed mode linux-amd64 compressed oops)
Heap
 PSYoungGen      total 121344K, used 17386K [0x00000000f2200000, 0x00000000fb800000, 0x0000000100000000)
  eden space 103936K, 0% used [0x00000000f2200000,0x00000000f2200000,0x00000000f8780000)
  from space 17408K, 99% used [0x00000000fa700000,0x00000000fb7faa78,0x00000000fb800000)
  to   space 12288K, 0% used [0x00000000f8780000,0x00000000f8780000,0x00000000f9380000)
 ParOldGen       total 37888K, used 31204K [0x00000000d6600000, 0x00000000d8b00000, 0x00000000f2200000)
  object space 37888K, 82% used [0x00000000d6600000,0x00000000d8479008,0x00000000d8b00000)
 PSPermGen       total 40448K, used 27060K [0x00000000cc000000, 0x00000000ce780000, 0x00000000d6600000)
  object space 40448K, 66% used [0x00000000cc000000,0x00000000cda6d290,0x00000000ce780000)
GC Heap History (10 events):
Event: 3.104 GC heap after
Heap after GC invocations=8 (full 0):
 PSYoungGen      total 73728K, used 5907K [0x00000000f2200000, 0x00000000f7300000, 0x0000000100000000)
  eden space 67584K, 0% used [0x00000000f2200000,0x00000000f2200000,0x00000000f6400000)
  from space 6144K, 96% used [0x00000000f6b00000,0x00000000f70c4fe0,0x00000000f7100000)
  to   space 7168K, 0% used [0x00000000f6400000,0x00000000f6400000,0x00000000f6b00000)
 ParOldGen       total 20992K, used 8117K [0x00000000d6600000, 0x00000000d7a80000, 0x00000000f2200000)
  object space 20992K, 38% used [0x00000000d6600000,0x00000000d6ded640,0x00000000d7a80000)
 PSPermGen       total 21504K, used 16047K [0x00000000cc000000, 0x00000000cd500000, 0x00000000d6600000)
  object space 21504K, 74% used [0x00000000cc000000,0x00000000ccfabcb0,0x00000000cd500000)
}
Event: 4.415 GC heap before
{Heap before GC invocations=9 (full 0):
 PSYoungGen      total 73728K, used 73491K [0x00000000f2200000, 0x00000000f7300000, 0x0000000100000000)
  eden space 67584K, 100% used [0x00000000f2200000,0x00000000f6400000,0x00000000f6400000)
  from space 6144K, 96% used [0x00000000f6b00000,0x00000000f70c4fe0,0x00000000f7100000)
  to   space 7168K, 0% used [0x00000000f6400000,0x00000000f6400000,0x00000000f6b00000)
 ParOldGen       total 20992K, used 8117K [0x00000000d6600000, 0x00000000d7a80000, 0x00000000f2200000)
  object space 20992K, 38% used [0x00000000d6600000,0x00000000d6ded640,0x00000000d7a80000)
 PSPermGen       total 21504K, used 20178K [0x00000000cc000000, 0x00000000cd500000, 0x00000000d6600000)
  object space 21504K, 93% used [0x00000000cc000000,0x00000000cd3b4bd8,0x00000000cd500000)
Event: 4.438 GC heap after
Heap after GC invocations=9 (full 0):
 PSYoungGen      total 74752K, used 7141K [0x00000000f2200000, 0x00000000fa300000, 0x0000000100000000)
  eden space 67584K, 0% used [0x00000000f2200000,0x00000000f2200000,0x00000000f6400000)
  from space 7168K, 99% used [0x00000000f6400000,0x00000000f6af96f0,0x00000000f6b00000)
  to   space 11776K, 0% used [0x00000000f9780000,0x00000000f9780000,0x00000000fa300000)
 ParOldGen       total 20992K, used 17265K [0x00000000d6600000, 0x00000000d7a80000, 0x00000000f2200000)
  object space 20992K, 82% used [0x00000000d6600000,0x00000000d76dc550,0x00000000d7a80000)
 PSPermGen       total 21504K, used 20178K [0x00000000cc000000, 0x00000000cd500000, 0x00000000d6600000)
  object space 21504K, 93% used [0x00000000cc000000,0x00000000cd3b4bd8,0x00000000cd500000)
}
Event: 4.439 GC heap before
{Heap before GC invocations=10 (full 1):
 PSYoungGen      total 74752K, used 7141K [0x00000000f2200000, 0x00000000fa300000, 0x0000000100000000)
  eden space 67584K, 0% used [0x00000000f2200000,0x00000000f2200000,0x00000000f6400000)
  from space 7168K, 99% used [0x00000000f6400000,0x00000000f6af96f0,0x00000000f6b00000)
  to   space 11776K, 0% used [0x00000000f9780000,0x00000000f9780000,0x00000000fa300000)
 ParOldGen       total 20992K, used 17265K [0x00000000d6600000, 0x00000000d7a80000, 0x00000000f2200000)
  object space 20992K, 82% used [0x00000000d6600000,0x00000000d76dc550,0x00000000d7a80000)
 PSPermGen       total 21504K, used 20178K [0x00000000cc000000, 0x00000000cd500000, 0x00000000d6600000)
  object space 21504K, 93% used [0x00000000cc000000,0x00000000cd3b4bd8,0x00000000cd500000)
Event: 4.572 GC heap after
Heap after GC invocations=10 (full 1):
 PSYoungGen      total 74752K, used 0K [0x00000000f2200000, 0x00000000fa300000, 0x0000000100000000)
  eden space 67584K, 0% used [0x00000000f2200000,0x00000000f2200000,0x00000000f6400000)
  from space 7168K, 0% used [0x00000000f6400000,0x00000000f6400000,0x00000000f6b00000)
  to   space 11776K, 0% used [0x00000000f9780000,0x00000000f9780000,0x00000000fa300000)
 ParOldGen       total 37888K, used 18656K [0x00000000d6600000, 0x00000000d8b00000, 0x00000000f2200000)
  object space 37888K, 49% used [0x00000000d6600000,0x00000000d7838238,0x00000000d8b00000)
 PSPermGen       total 40448K, used 20169K [0x00000000cc000000, 0x00000000ce780000, 0x00000000d6600000)
  object space 40448K, 49% used [0x00000000cc000000,0x00000000cd3b2658,0x00000000ce780000)
}
Event: 5.961 GC heap before
{Heap before GC invocations=11 (full 1):
 PSYoungGen      total 74752K, used 67584K [0x00000000f2200000, 0x00000000fa300000, 0x0000000100000000)
  eden space 67584K, 100% used [0x00000000f2200000,0x00000000f6400000,0x00000000f6400000)
  from space 7168K, 0% used [0x00000000f6400000,0x00000000f6400000,0x00000000f6b00000)
  to   space 11776K, 0% used [0x00000000f9780000,0x00000000f9780000,0x00000000fa300000)
 ParOldGen       total 37888K, used 18656K [0x00000000d6600000, 0x00000000d8b00000, 0x00000000f2200000)
  object space 37888K, 49% used [0x00000000d6600000,0x00000000d7838238,0x00000000d8b00000)
 PSPermGen       total 40448K, used 25731K [0x00000000cc000000, 0x00000000ce780000, 0x00000000d6600000)
  object space 40448K, 63% used [0x00000000cc000000,0x00000000cd920c68,0x00000000ce780000)
Event: 6.001 GC heap after
Heap after GC invocations=11 (full 1):
 PSYoungGen      total 97792K, used 8063K [0x00000000f2200000, 0x00000000f9f80000, 0x0000000100000000)
  eden space 89600K, 0% used [0x00000000f2200000,0x00000000f2200000,0x00000000f7980000)
  from space 8192K, 98% used [0x00000000f9780000,0x00000000f9f5ff70,0x00000000f9f80000)
  to   space 12288K, 0% used [0x00000000f8780000,0x00000000f8780000,0x00000000f9380000)
 ParOldGen       total 37888K, used 18656K [0x00000000d6600000, 0x00000000d8b00000, 0x00000000f2200000)
  object space 37888K, 49% used [0x00000000d6600000,0x00000000d7838238,0x00000000d8b00000)
 PSPermGen       total 40448K, used 25731K [0x00000000cc000000, 0x00000000ce780000, 0x00000000d6600000)
  object space 40448K, 63% used [0x00000000cc000000,0x00000000cd920c68,0x00000000ce780000)
}
Event: 7.483 GC heap before
{Heap before GC invocations=12 (full 1):
 PSYoungGen      total 97792K, used 97663K [0x00000000f2200000, 0x00000000f9f80000, 0x0000000100000000)
  eden space 89600K, 100% used [0x00000000f2200000,0x00000000f7980000,0x00000000f7980000)
  from space 8192K, 98% used [0x00000000f9780000,0x00000000f9f5ff70,0x00000000f9f80000)
  to   space 12288K, 0% used [0x00000000f8780000,0x00000000f8780000,0x00000000f9380000)
 ParOldGen       total 37888K, used 18656K [0x00000000d6600000, 0x00000000d8b00000, 0x00000000f2200000)
  object space 37888K, 49% used [0x00000000d6600000,0x00000000d7838238,0x00000000d8b00000)
 PSPermGen       total 40448K, used 27019K [0x00000000cc000000, 0x00000000ce780000, 0x00000000d6600000)
  object space 40448K, 66% used [0x00000000cc000000,0x00000000cda62d00,0x00000000ce780000)
Event: 7.537 GC heap after
Heap after GC invocations=12 (full 1):
 PSYoungGen      total 116224K, used 12276K [0x00000000f2200000, 0x00000000fb800000, 0x0000000100000000)
  eden space 103936K, 0% used [0x00000000f2200000,0x00000000f2200000,0x00000000f8780000)
  from space 12288K, 99% used [0x00000000f8780000,0x00000000f937d130,0x00000000f9380000)
  to   space 17408K, 0% used [0x00000000fa700000,0x00000000fa700000,0x00000000fb800000)
 ParOldGen       total 37888K, used 27016K [0x00000000d6600000, 0x00000000d8b00000, 0x00000000f2200000)
  object space 37888K, 71% used [0x00000000d6600000,0x00000000d8062048,0x00000000d8b00000)
 PSPermGen       total 40448K, used 27019K [0x00000000cc000000, 0x00000000ce780000, 0x00000000d6600000)
  object space 40448K, 66% used [0x00000000cc000000,0x00000000cda62d00,0x00000000ce780000)
}
Event: 8.812 GC heap before
{Heap before GC invocations=13 (full 1):
 PSYoungGen      total 116224K, used 116212K [0x00000000f2200000, 0x00000000fb800000, 0x0000000100000000)
  eden space 103936K, 100% used [0x00000000f2200000,0x00000000f8780000,0x00000000f8780000)
  from space 12288K, 99% used [0x00000000f8780000,0x00000000f937d130,0x00000000f9380000)
  to   space 17408K, 0% used [0x00000000fa700000,0x00000000fa700000,0x00000000fb800000)
 ParOldGen       total 37888K, used 27016K [0x00000000d6600000, 0x00000000d8b00000, 0x00000000f2200000)
  object space 37888K, 71% used [0x00000000d6600000,0x00000000d8062048,0x00000000d8b00000)
 PSPermGen       total 40448K, used 27060K [0x00000000cc000000, 0x00000000ce780000, 0x00000000d6600000)
  object space 40448K, 66% used [0x00000000cc000000,0x00000000cda6d290,0x00000000ce780000)

