# JRE version: OpenJDK Runtime Environment (7.0_79-b14) (build 1.7.0_79-b14)
# Java VM: OpenJDK 64-Bit Server VM (24.79-b02 mixed mode linux-amd64 compressed oops)
Heap
 PSYoungGen      total 147456K, used 13291K [0x00000000f2200000, 0x00000000fc300000, 0x0000000100000000)
  eden space 134144K, 0% used [0x00000000f2200000,0x00000000f2200000,0x00000000fa500000)
  from space 13312K, 99% used [0x00000000fa500000,0x00000000fb1faf60,0x00000000fb200000)
  to   space 9216K, 0% used [0x00000000fb200000,0x00000000fb200000,0x00000000fbb00000)
 ParOldGen       total 40448K, used 30446K [0x00000000d6600000, 0x00000000d8d80000, 0x00000000f2200000)
  object space 40448K, 75% used [0x00000000d6600000,0x00000000d83bb868,0x00000000d8d80000)
 PSPermGen       total 45568K, used 27028K [0x00000000cc000000, 0x00000000cec80000, 0x00000000d6600000)
  object space 45568K, 59% used [0x00000000cc000000,0x00000000cda650f0,0x00000000cec80000)
GC Heap History (10 events):
Event: 3.049 GC heap after
Heap after GC invocations=5 (full 0):
 PSYoungGen      total 35840K, used 992K [0x00000000f2200000, 0x00000000f7200000, 0x0000000100000000)
  eden space 34816K, 0% used [0x00000000f2200000,0x00000000f2200000,0x00000000f4400000)
  from space 1024K, 96% used [0x00000000f4400000,0x00000000f44f8020,0x00000000f4500000)
  to   space 6144K, 0% used [0x00000000f6c00000,0x00000000f6c00000,0x00000000f7200000)
 ParOldGen       total 20992K, used 10657K [0x00000000d6600000, 0x00000000d7a80000, 0x00000000f2200000)
  object space 20992K, 50% used [0x00000000d6600000,0x00000000d70684c8,0x00000000d7a80000)
 PSPermGen       total 21504K, used 14316K [0x00000000cc000000, 0x00000000cd500000, 0x00000000d6600000)
  object space 21504K, 66% used [0x00000000cc000000,0x00000000ccdfb178,0x00000000cd500000)
}
Event: 4.634 GC heap before
{Heap before GC invocations=6 (full 0):
 PSYoungGen      total 35840K, used 35808K [0x00000000f2200000, 0x00000000f7200000, 0x0000000100000000)
  eden space 34816K, 100% used [0x00000000f2200000,0x00000000f4400000,0x00000000f4400000)
  from space 1024K, 96% used [0x00000000f4400000,0x00000000f44f8020,0x00000000f4500000)
  to   space 6144K, 0% used [0x00000000f6c00000,0x00000000f6c00000,0x00000000f7200000)
 ParOldGen       total 20992K, used 10657K [0x00000000d6600000, 0x00000000d7a80000, 0x00000000f2200000)
  object space 20992K, 50% used [0x00000000d6600000,0x00000000d70684c8,0x00000000d7a80000)
 PSPermGen       total 21504K, used 15465K [0x00000000cc000000, 0x00000000cd500000, 0x00000000d6600000)
  object space 21504K, 71% used [0x00000000cc000000,0x00000000ccf1a450,0x00000000cd500000)
Event: 4.673 GC heap after
Heap after GC invocations=6 (full 0):
 PSYoungGen      total 75264K, used 4202K [0x00000000f2200000, 0x00000000f7300000, 0x0000000100000000)
  eden space 69120K, 0% used [0x00000000f2200000,0x00000000f2200000,0x00000000f6580000)
  from space 6144K, 68% used [0x00000000f6c00000,0x00000000f701a950,0x00000000f7200000)
  to   space 6656K, 0% used [0x00000000f6580000,0x00000000f6580000,0x00000000f6c00000)
 ParOldGen       total 20992K, used 10657K [0x00000000d6600000, 0x00000000d7a80000, 0x00000000f2200000)
  object space 20992K, 50% used [0x00000000d6600000,0x00000000d70684c8,0x00000000d7a80000)
 PSPermGen       total 21504K, used 15465K [0x00000000cc000000, 0x00000000cd500000, 0x00000000d6600000)
  object space 21504K, 71% used [0x00000000cc000000,0x00000000ccf1a450,0x00000000cd500000)
}
Event: 7.209 GC heap before
{Heap before GC invocations=7 (full 0):
 PSYoungGen      total 75264K, used 73322K [0x00000000f2200000, 0x00000000f7300000, 0x0000000100000000)
  eden space 69120K, 100% used [0x00000000f2200000,0x00000000f6580000,0x00000000f6580000)
  from space 6144K, 68% used [0x00000000f6c00000,0x00000000f701a950,0x00000000f7200000)
  to   space 6656K, 0% used [0x00000000f6580000,0x00000000f6580000,0x00000000f6c00000)
 ParOldGen       total 20992K, used 10657K [0x00000000d6600000, 0x00000000d7a80000, 0x00000000f2200000)
  object space 20992K, 50% used [0x00000000d6600000,0x00000000d70684c8,0x00000000d7a80000)
 PSPermGen       total 21504K, used 19817K [0x00000000cc000000, 0x00000000cd500000, 0x00000000d6600000)
  object space 21504K, 92% used [0x00000000cc000000,0x00000000cd35a4b0,0x00000000cd500000)
Event: 7.273 GC heap after
Heap after GC invocations=7 (full 0):
 PSYoungGen      total 75776K, used 6624K [0x00000000f2200000, 0x00000000fbb00000, 0x0000000100000000)
  eden space 69120K, 0% used [0x00000000f2200000,0x00000000f2200000,0x00000000f6580000)
  from space 6656K, 99% used [0x00000000f6580000,0x00000000f6bf8350,0x00000000f6c00000)
  to   space 9216K, 0% used [0x00000000fb200000,0x00000000fb200000,0x00000000fbb00000)
 ParOldGen       total 20992K, used 14179K [0x00000000d6600000, 0x00000000d7a80000, 0x00000000f2200000)
  object space 20992K, 67% used [0x00000000d6600000,0x00000000d73d8e18,0x00000000d7a80000)
 PSPermGen       total 21504K, used 19817K [0x00000000cc000000, 0x00000000cd500000, 0x00000000d6600000)
  object space 21504K, 92% used [0x00000000cc000000,0x00000000cd35a4b0,0x00000000cd500000)
}
Event: 9.790 GC heap before
{Heap before GC invocations=8 (full 0):
 PSYoungGen      total 75776K, used 75744K [0x00000000f2200000, 0x00000000fbb00000, 0x0000000100000000)
  eden space 69120K, 100% used [0x00000000f2200000,0x00000000f6580000,0x00000000f6580000)
  from space 6656K, 99% used [0x00000000f6580000,0x00000000f6bf8350,0x00000000f6c00000)
  to   space 9216K, 0% used [0x00000000fb200000,0x00000000fb200000,0x00000000fbb00000)
 ParOldGen       total 20992K, used 14179K [0x00000000d6600000, 0x00000000d7a80000, 0x00000000f2200000)
  object space 20992K, 67% used [0x00000000d6600000,0x00000000d73d8e18,0x00000000d7a80000)
 PSPermGen       total 23040K, used 22679K [0x00000000cc000000, 0x00000000cd680000, 0x00000000d6600000)
  object space 23040K, 98% used [0x00000000cc000000,0x00000000cd625f18,0x00000000cd680000)
Event: 9.843 GC heap after
Heap after GC invocations=8 (full 0):
 PSYoungGen      total 143360K, used 9205K [0x00000000f2200000, 0x00000000fc300000, 0x0000000100000000)
  eden space 134144K, 0% used [0x00000000f2200000,0x00000000f2200000,0x00000000fa500000)
  from space 9216K, 99% used [0x00000000fb200000,0x00000000fbafd700,0x00000000fbb00000)
  to   space 13312K, 0% used [0x00000000fa500000,0x00000000fa500000,0x00000000fb200000)
 ParOldGen       total 20992K, used 19608K [0x00000000d6600000, 0x00000000d7a80000, 0x00000000f2200000)
  object space 20992K, 93% used [0x00000000d6600000,0x00000000d7926010,0x00000000d7a80000)
 PSPermGen       total 23040K, used 22679K [0x00000000cc000000, 0x00000000cd680000, 0x00000000d6600000)
  object space 23040K, 98% used [0x00000000cc000000,0x00000000cd625f18,0x00000000cd680000)
}
Event: 9.843 GC heap before
{Heap before GC invocations=9 (full 1):
 PSYoungGen      total 143360K, used 9205K [0x00000000f2200000, 0x00000000fc300000, 0x0000000100000000)
  eden space 134144K, 0% used [0x00000000f2200000,0x00000000f2200000,0x00000000fa500000)
  from space 9216K, 99% used [0x00000000fb200000,0x00000000fbafd700,0x00000000fbb00000)
  to   space 13312K, 0% used [0x00000000fa500000,0x00000000fa500000,0x00000000fb200000)
 ParOldGen       total 20992K, used 19608K [0x00000000d6600000, 0x00000000d7a80000, 0x00000000f2200000)
  object space 20992K, 93% used [0x00000000d6600000,0x00000000d7926010,0x00000000d7a80000)
 PSPermGen       total 23040K, used 22679K [0x00000000cc000000, 0x00000000cd680000, 0x00000000d6600000)
  object space 23040K, 98% used [0x00000000cc000000,0x00000000cd625f18,0x00000000cd680000)
Event: 10.071 GC heap after
Heap after GC invocations=9 (full 1):
 PSYoungGen      total 143360K, used 1522K [0x00000000f2200000, 0x00000000fc300000, 0x0000000100000000)
  eden space 134144K, 0% used [0x00000000f2200000,0x00000000f2200000,0x00000000fa500000)
  from space 9216K, 16% used [0x00000000fb200000,0x00000000fb37c9b8,0x00000000fbb00000)
  to   space 13312K, 0% used [0x00000000fa500000,0x00000000fa500000,0x00000000fb200000)
 ParOldGen       total 40448K, used 20577K [0x00000000d6600000, 0x00000000d8d80000, 0x00000000f2200000)
  object space 40448K, 50% used [0x00000000d6600000,0x00000000d7a186f8,0x00000000d8d80000)
 PSPermGen       total 45568K, used 22669K [0x00000000cc000000, 0x00000000cec80000, 0x00000000d6600000)
  object space 45568K, 49% used [0x00000000cc000000,0x00000000cd623748,0x00000000cec80000)
}
Event: 13.030 GC heap before
{Heap before GC invocations=10 (full 1):
 PSYoungGen      total 143360K, used 135666K [0x00000000f2200000, 0x00000000fc300000, 0x0000000100000000)
  eden space 134144K, 100% used [0x00000000f2200000,0x00000000fa500000,0x00000000fa500000)
  from space 9216K, 16% used [0x00000000fb200000,0x00000000fb37c9b8,0x00000000fbb00000)
  to   space 13312K, 0% used [0x00000000fa500000,0x00000000fa500000,0x00000000fb200000)
 ParOldGen       total 40448K, used 20577K [0x00000000d6600000, 0x00000000d8d80000, 0x00000000f2200000)
  object space 40448K, 50% used [0x00000000d6600000,0x00000000d7a186f8,0x00000000d8d80000)
 PSPermGen       total 45568K, used 27028K [0x00000000cc000000, 0x00000000cec80000, 0x00000000d6600000)
  object space 45568K, 59% used [0x00000000cc000000,0x00000000cda650f0,0x00000000cec80000)

